{"/home/alison/Documentos/study/courses/semana-javascript-expert06/server/config/index.js": {"path":"/home/alison/Documentos/study/courses/semana-javascript-expert06/server/config/index.js","statementMap":{"0":{"start":{"line":4,"column":19},"end":{"line":4,"column":58}},"1":{"start":{"line":5,"column":13},"end":{"line":5,"column":41}},"2":{"start":{"line":6,"column":23},"end":{"line":6,"column":42}},"3":{"start":{"line":7,"column":24},"end":{"line":7,"column":44}}},"fnMap":{},"branchMap":{"0":{"loc":{"start":{"line":10,"column":8},"end":{"line":10,"column":32}},"type":"binary-expr","locations":[{"start":{"line":10,"column":8},"end":{"line":10,"column":24}},{"start":{"line":10,"column":28},"end":{"line":10,"column":32}}],"line":10}},"s":{"0":1,"1":1,"2":1,"3":1},"f":{},"b":{"0":[1,1]},"_coverageSchema":"1a1c01bbd47fc00a2c39e90264f33305004495a9","hash":"7d92be3d3ace37f4594cb3deb9f259106457896d"}
,"/home/alison/Documentos/study/courses/semana-javascript-expert06/server/controller/index.js": {"path":"/home/alison/Documentos/study/courses/semana-javascript-expert06/server/controller/index.js","statementMap":{"0":{"start":{"line":5,"column":4},"end":{"line":5,"column":33}},"1":{"start":{"line":9,"column":4},"end":{"line":9,"column":48}}},"fnMap":{"0":{"name":"(anonymous_0)","decl":{"start":{"line":4,"column":2},"end":{"line":4,"column":3}},"loc":{"start":{"line":4,"column":16},"end":{"line":6,"column":3}},"line":4},"1":{"name":"(anonymous_1)","decl":{"start":{"line":8,"column":2},"end":{"line":8,"column":3}},"loc":{"start":{"line":8,"column":32},"end":{"line":10,"column":3}},"line":8}},"branchMap":{},"s":{"0":1,"1":0},"f":{"0":1,"1":0},"b":{},"_coverageSchema":"1a1c01bbd47fc00a2c39e90264f33305004495a9","hash":"eb127801ffd972892848c44882bd9729e5193f1d"}
,"/home/alison/Documentos/study/courses/semana-javascript-expert06/server/routes/index.js": {"path":"/home/alison/Documentos/study/courses/semana-javascript-expert06/server/routes/index.js","statementMap":{"0":{"start":{"line":6,"column":19},"end":{"line":6,"column":35}},"1":{"start":{"line":12,"column":4},"end":{"line":12,"column":10}},"2":{"start":{"line":15,"column":26},"end":{"line":15,"column":29}},"3":{"start":{"line":17,"column":2},"end":{"line":21,"column":3}},"4":{"start":{"line":18,"column":4},"end":{"line":18,"column":52}},"5":{"start":{"line":20,"column":4},"end":{"line":20,"column":21}},"6":{"start":{"line":23,"column":2},"end":{"line":30,"column":3}},"7":{"start":{"line":24,"column":23},"end":{"line":24,"column":65}},"8":{"start":{"line":29,"column":4},"end":{"line":29,"column":28}},"9":{"start":{"line":32,"column":2},"end":{"line":36,"column":3}},"10":{"start":{"line":33,"column":23},"end":{"line":33,"column":71}},"11":{"start":{"line":35,"column":4},"end":{"line":35,"column":28}},"12":{"start":{"line":39,"column":2},"end":{"line":49,"column":3}},"13":{"start":{"line":40,"column":29},"end":{"line":40,"column":64}},"14":{"start":{"line":42,"column":24},"end":{"line":42,"column":42}},"15":{"start":{"line":44,"column":4},"end":{"line":46,"column":5}},"16":{"start":{"line":45,"column":6},"end":{"line":45,"column":58}},"17":{"start":{"line":48,"column":4},"end":{"line":48,"column":28}},"18":{"start":{"line":51,"column":2},"end":{"line":51,"column":21}},"19":{"start":{"line":53,"column":2},"end":{"line":53,"column":19}},"20":{"start":{"line":57,"column":2},"end":{"line":62,"column":3}},"21":{"start":{"line":58,"column":4},"end":{"line":58,"column":49}},"22":{"start":{"line":60,"column":4},"end":{"line":60,"column":23}},"23":{"start":{"line":61,"column":4},"end":{"line":61,"column":21}},"24":{"start":{"line":64,"column":2},"end":{"line":64,"column":51}},"25":{"start":{"line":65,"column":2},"end":{"line":65,"column":21}},"26":{"start":{"line":66,"column":2},"end":{"line":66,"column":19}},"27":{"start":{"line":70,"column":2},"end":{"line":70,"column":64}},"28":{"start":{"line":70,"column":41},"end":{"line":70,"column":62}}},"fnMap":{"0":{"name":"routes","decl":{"start":{"line":14,"column":15},"end":{"line":14,"column":21}},"loc":{"start":{"line":14,"column":32},"end":{"line":54,"column":1}},"line":14},"1":{"name":"handleError","decl":{"start":{"line":56,"column":9},"end":{"line":56,"column":20}},"loc":{"start":{"line":56,"column":31},"end":{"line":67,"column":1}},"line":56},"2":{"name":"handler","decl":{"start":{"line":69,"column":9},"end":{"line":69,"column":16}},"loc":{"start":{"line":69,"column":27},"end":{"line":71,"column":1}},"line":69},"3":{"name":"(anonymous_3)","decl":{"start":{"line":70,"column":32},"end":{"line":70,"column":33}},"loc":{"start":{"line":70,"column":41},"end":{"line":70,"column":62}},"line":70}},"branchMap":{"0":{"loc":{"start":{"line":17,"column":2},"end":{"line":21,"column":3}},"type":"if","locations":[{"start":{"line":17,"column":2},"end":{"line":21,"column":3}},{"start":{},"end":{}}],"line":17},"1":{"loc":{"start":{"line":17,"column":6},"end":{"line":17,"column":37}},"type":"binary-expr","locations":[{"start":{"line":17,"column":6},"end":{"line":17,"column":22}},{"start":{"line":17,"column":26},"end":{"line":17,"column":37}}],"line":17},"2":{"loc":{"start":{"line":23,"column":2},"end":{"line":30,"column":3}},"type":"if","locations":[{"start":{"line":23,"column":2},"end":{"line":30,"column":3}},{"start":{},"end":{}}],"line":23},"3":{"loc":{"start":{"line":23,"column":6},"end":{"line":23,"column":41}},"type":"binary-expr","locations":[{"start":{"line":23,"column":6},"end":{"line":23,"column":22}},{"start":{"line":23,"column":26},"end":{"line":23,"column":41}}],"line":23},"4":{"loc":{"start":{"line":32,"column":2},"end":{"line":36,"column":3}},"type":"if","locations":[{"start":{"line":32,"column":2},"end":{"line":36,"column":3}},{"start":{},"end":{}}],"line":32},"5":{"loc":{"start":{"line":32,"column":6},"end":{"line":32,"column":47}},"type":"binary-expr","locations":[{"start":{"line":32,"column":6},"end":{"line":32,"column":22}},{"start":{"line":32,"column":26},"end":{"line":32,"column":47}}],"line":32},"6":{"loc":{"start":{"line":39,"column":2},"end":{"line":49,"column":3}},"type":"if","locations":[{"start":{"line":39,"column":2},"end":{"line":49,"column":3}},{"start":{},"end":{}}],"line":39},"7":{"loc":{"start":{"line":44,"column":4},"end":{"line":46,"column":5}},"type":"if","locations":[{"start":{"line":44,"column":4},"end":{"line":46,"column":5}},{"start":{},"end":{}}],"line":44},"8":{"loc":{"start":{"line":57,"column":2},"end":{"line":62,"column":3}},"type":"if","locations":[{"start":{"line":57,"column":2},"end":{"line":62,"column":3}},{"start":{},"end":{}}],"line":57}},"s":{"0":1,"1":1,"2":8,"3":8,"4":1,"5":1,"6":7,"7":1,"8":1,"9":6,"10":1,"11":1,"12":5,"13":4,"14":2,"15":2,"16":1,"17":2,"18":1,"19":1,"20":2,"21":1,"22":1,"23":1,"24":1,"25":1,"26":1,"27":8,"28":2},"f":{"0":8,"1":2,"2":8,"3":2},"b":{"0":[1,7],"1":[8,7],"2":[1,6],"3":[7,6],"4":[1,5],"5":[6,5],"6":[4,1],"7":[1,1],"8":[1,1]},"_coverageSchema":"1a1c01bbd47fc00a2c39e90264f33305004495a9","hash":"3229a39ea939ee199d43ef598a1f53099954fc15"}
,"/home/alison/Documentos/study/courses/semana-javascript-expert06/server/service/index.js": {"path":"/home/alison/Documentos/study/courses/semana-javascript-expert06/server/service/index.js","statementMap":{"0":{"start":{"line":9,"column":4},"end":{"line":9,"column":10}},"1":{"start":{"line":13,"column":4},"end":{"line":13,"column":41}},"2":{"start":{"line":18,"column":25},"end":{"line":18,"column":52}},"3":{"start":{"line":20,"column":4},"end":{"line":20,"column":42}},"4":{"start":{"line":21,"column":21},"end":{"line":21,"column":42}},"5":{"start":{"line":23,"column":4},"end":{"line":26,"column":6}},"6":{"start":{"line":30,"column":27},"end":{"line":30,"column":55}},"7":{"start":{"line":32,"column":4},"end":{"line":35,"column":6}}},"fnMap":{"0":{"name":"(anonymous_0)","decl":{"start":{"line":12,"column":2},"end":{"line":12,"column":3}},"loc":{"start":{"line":12,"column":29},"end":{"line":14,"column":3}},"line":12},"1":{"name":"(anonymous_1)","decl":{"start":{"line":16,"column":2},"end":{"line":16,"column":3}},"loc":{"start":{"line":16,"column":26},"end":{"line":27,"column":3}},"line":16},"2":{"name":"(anonymous_2)","decl":{"start":{"line":29,"column":2},"end":{"line":29,"column":3}},"loc":{"start":{"line":29,"column":28},"end":{"line":36,"column":3}},"line":29}},"branchMap":{},"s":{"0":1,"1":0,"2":0,"3":0,"4":0,"5":0,"6":0,"7":0},"f":{"0":0,"1":0,"2":0},"b":{},"_coverageSchema":"1a1c01bbd47fc00a2c39e90264f33305004495a9","hash":"7a7fd4ae37e1c23ced606831ff22b15d77e73abd"}
,"/home/alison/Documentos/study/courses/semana-javascript-expert06/server/utils/index.js": {"path":"/home/alison/Documentos/study/courses/semana-javascript-expert06/server/utils/index.js","statementMap":{"0":{"start":{"line":3,"column":15},"end":{"line":11,"column":2}}},"fnMap":{},"branchMap":{},"s":{"0":1},"f":{},"b":{},"_coverageSchema":"1a1c01bbd47fc00a2c39e90264f33305004495a9","hash":"c681403850828607d45c74ad0795865ae8cd0f95"}
,"/home/alison/Documentos/study/courses/semana-javascript-expert06/tests/_util/testUtil.js": {"path":"/home/alison/Documentos/study/courses/semana-javascript-expert06/tests/_util/testUtil.js","statementMap":{"0":{"start":{"line":6,"column":4},"end":{"line":14,"column":7}},"1":{"start":{"line":8,"column":8},"end":{"line":10,"column":9}},"2":{"start":{"line":9,"column":10},"end":{"line":9,"column":27}},"3":{"start":{"line":12,"column":8},"end":{"line":12,"column":24}},"4":{"start":{"line":18,"column":4},"end":{"line":23,"column":7}},"5":{"start":{"line":20,"column":8},"end":{"line":20,"column":22}},"6":{"start":{"line":21,"column":8},"end":{"line":21,"column":30}},"7":{"start":{"line":27,"column":26},"end":{"line":27,"column":77}},"8":{"start":{"line":28,"column":27},"end":{"line":28,"column":64}},"9":{"start":{"line":30,"column":17},"end":{"line":40,"column":5}},"10":{"start":{"line":42,"column":4},"end":{"line":45,"column":6}},"11":{"start":{"line":43,"column":20},"end":{"line":43,"column":39}}},"fnMap":{"0":{"name":"(anonymous_0)","decl":{"start":{"line":5,"column":2},"end":{"line":5,"column":3}},"loc":{"start":{"line":5,"column":38},"end":{"line":15,"column":3}},"line":5},"1":{"name":"(anonymous_1)","decl":{"start":{"line":7,"column":6},"end":{"line":7,"column":7}},"loc":{"start":{"line":7,"column":13},"end":{"line":13,"column":7}},"line":7},"2":{"name":"(anonymous_2)","decl":{"start":{"line":17,"column":2},"end":{"line":17,"column":3}},"loc":{"start":{"line":17,"column":40},"end":{"line":24,"column":3}},"line":17},"3":{"name":"(anonymous_3)","decl":{"start":{"line":19,"column":6},"end":{"line":19,"column":7}},"loc":{"start":{"line":19,"column":39},"end":{"line":22,"column":7}},"line":19},"4":{"name":"(anonymous_4)","decl":{"start":{"line":26,"column":2},"end":{"line":26,"column":3}},"loc":{"start":{"line":26,"column":31},"end":{"line":46,"column":3}},"line":26},"5":{"name":"(anonymous_5)","decl":{"start":{"line":28,"column":55},"end":{"line":28,"column":56}},"loc":{"start":{"line":28,"column":61},"end":{"line":28,"column":63}},"line":28},"6":{"name":"(anonymous_6)","decl":{"start":{"line":43,"column":14},"end":{"line":43,"column":15}},"loc":{"start":{"line":43,"column":20},"end":{"line":43,"column":39}},"line":43}},"branchMap":{},"s":{"0":12,"1":0,"2":0,"3":0,"4":8,"5":0,"6":0,"7":8,"8":8,"9":8,"10":8,"11":8},"f":{"0":12,"1":0,"2":8,"3":0,"4":8,"5":0,"6":8},"b":{},"_coverageSchema":"1a1c01bbd47fc00a2c39e90264f33305004495a9","hash":"101395ab4ae8f0709fcd649a5e965131bb3bd037"}
}
