TN:
SF:server/config/index.js
FNF:0
FNH:0
DA:4,1
DA:5,1
DA:6,1
DA:7,1
LF:4
LH:4
BRDA:10,0,0,1
BRDA:10,0,1,1
BRF:2
BRH:2
end_of_record
TN:
SF:server/controller/index.js
FN:4,(anonymous_0)
FN:8,(anonymous_1)
FNF:2
FNH:1
FNDA:1,(anonymous_0)
FNDA:0,(anonymous_1)
DA:5,1
DA:9,0
LF:2
LH:1
BRF:0
BRH:0
end_of_record
TN:
SF:server/routes/index.js
FN:14,routes
FN:56,handleError
FN:69,handler
FN:70,(anonymous_3)
FNF:4
FNH:4
FNDA:8,routes
FNDA:2,handleError
FNDA:8,handler
FNDA:2,(anonymous_3)
DA:6,1
DA:12,1
DA:15,8
DA:17,8
DA:18,1
DA:20,1
DA:23,7
DA:24,1
DA:29,1
DA:32,6
DA:33,1
DA:35,1
DA:39,5
DA:40,4
DA:42,2
DA:44,2
DA:45,1
DA:48,2
DA:51,1
DA:53,1
DA:57,2
DA:58,1
DA:60,1
DA:61,1
DA:64,1
DA:65,1
DA:66,1
DA:70,8
LF:28
LH:28
BRDA:17,0,0,1
BRDA:17,0,1,7
BRDA:17,1,0,8
BRDA:17,1,1,7
BRDA:23,2,0,1
BRDA:23,2,1,6
BRDA:23,3,0,7
BRDA:23,3,1,6
BRDA:32,4,0,1
BRDA:32,4,1,5
BRDA:32,5,0,6
BRDA:32,5,1,5
BRDA:39,6,0,4
BRDA:39,6,1,1
BRDA:44,7,0,1
BRDA:44,7,1,1
BRDA:57,8,0,1
BRDA:57,8,1,1
BRF:18
BRH:18
end_of_record
TN:
SF:server/service/index.js
FN:12,(anonymous_0)
FN:16,(anonymous_1)
FN:29,(anonymous_2)
FNF:3
FNH:0
FNDA:0,(anonymous_0)
FNDA:0,(anonymous_1)
FNDA:0,(anonymous_2)
DA:9,1
DA:13,0
DA:18,0
DA:20,0
DA:21,0
DA:23,0
DA:30,0
DA:32,0
LF:8
LH:1
BRF:0
BRH:0
end_of_record
TN:
SF:server/utils/index.js
FNF:0
FNH:0
DA:3,1
LF:1
LH:1
BRF:0
BRH:0
end_of_record
TN:
SF:tests/_util/testUtil.js
FN:5,(anonymous_0)
FN:7,(anonymous_1)
FN:17,(anonymous_2)
FN:19,(anonymous_3)
FN:26,(anonymous_4)
FN:28,(anonymous_5)
FN:43,(anonymous_6)
FNF:7
FNH:4
FNDA:12,(anonymous_0)
FNDA:0,(anonymous_1)
FNDA:8,(anonymous_2)
FNDA:0,(anonymous_3)
FNDA:8,(anonymous_4)
FNDA:0,(anonymous_5)
FNDA:8,(anonymous_6)
DA:6,12
DA:8,0
DA:9,0
DA:12,0
DA:18,8
DA:20,0
DA:21,0
DA:27,8
DA:28,8
DA:30,8
DA:42,8
DA:43,8
LF:12
LH:7
BRF:0
BRH:0
end_of_record
